<?xml version="1.0" encoding="UTF-8"?>
<!-- Generated by org.testng.reporters.JUnitXMLReporter -->
<testsuite ignored="0" hostname="DESKTOP-R0QT3MO" failures="0" tests="1" name="Test" time="79.009" errors="0" timestamp="2022-06-24T00:23:38 IST">
  <testcase classname="kiteWithExcel.KiteTestCrossBrowser" name="@BeforeMethod loginToKite" time="0.0">
    <failure type="java.lang.NullPointerException">
      <![CDATA[java.lang.NullPointerException
at kiteWithExcel.KiteTestCrossBrowser.loginToKite(KiteTestCrossBrowser.java:66)
at java.base/java.util.ArrayList.forEach(ArrayList.java:1541)
... Removed 31 stack frames]]>
    </failure>
  </testcase> <!-- @BeforeMethod loginToKite -->
  <testcase classname="kiteWithExcel.KiteTestCrossBrowser" name="@AfterMethod logOutFromKiteApp" time="-1.656010418032E9">
    <skipped/>
  </testcase> <!-- @AfterMethod logOutFromKiteApp -->
  <testcase classname="kiteWithExcel.KiteTestCrossBrowser" name="@AfterClass closeBrowser" time="-1.656010418068E9">
    <skipped/>
  </testcase> <!-- @AfterClass closeBrowser -->
  <testcase classname="kiteWithExcel.KiteTestCrossBrowser" name="verifyKiteUserName" time="0.0">
    <skipped/>
  </testcase> <!-- verifyKiteUserName -->
</testsuite> <!-- Test -->
